Using bundled DotNet SDK version: 8.0.412 win-x64
Running UnrealBuildTool: dotnet "..\..\Engine\Binaries\DotNET\UnrealBuildTool\UnrealBuildTool.dll" HarnessEditor Win64 Development -Project="D:\Users\l3d\Documents\AVBOIT\MaterialShaderExample_AVBOIT\Saved\UERP_RefBuild\Harness\CompushadyUnreal\Harness.uproject" -WaitMutex -NoHotReloadFromIDE
Log file: D:\UE\UnrealEngine_Animation_Tech\Engine\Programs\UnrealBuildTool\Log.txt
Harness.uproject(0): error: JsonReaderException: '0xFF' is an invalid start of a value. LineNumber: 0 | BytePositionInLine: 0.
   at System.Text.Json.ThrowHelper.ThrowJsonReaderException(Utf8JsonReader& json, ExceptionResource resource, Byte nextByte, ReadOnlySpan`1 bytes)
   at System.Text.Json.Utf8JsonReader.ConsumeValue(Byte marker)
   at System.Text.Json.Utf8JsonReader.ReadFirstToken(Byte first)
   at System.Text.Json.Utf8JsonReader.ReadSingleSegment()
   at System.Text.Json.Utf8JsonReader.Read()
   at System.Text.Json.JsonDocument.Parse(ReadOnlySpan`1 utf8JsonSpan, JsonReaderOptions readerOptions, MetadataDb& database, StackRowStack& stack)
   at System.Text.Json.JsonDocument.Parse(ReadOnlyMemory`1 utf8Json, JsonReaderOptions readerOptions, Byte[] extraRentedArrayPoolBytes, PooledByteBufferWriter extraPooledByteBufferWriter)
   at EpicGames.Core.JsonObject.ParseUtf8File(String path) in D:\UE\UnrealEngine_Animation_Tech\Engine\Source\Programs\Shared\EpicGames.Core\JsonObject.cs:line 271
   at EpicGames.Core.JsonObject.Read(FileReference file) in D:\UE\UnrealEngine_Animation_Tech\Engine\Source\Programs\Shared\EpicGames.Core\JsonObject.cs:line 297
   at UnrealBuildTool.ProjectDescriptor.FromFile(FileReference FileName) in D:\UE\UnrealEngine_Animation_Tech\Engine\Source\Programs\UnrealBuildTool\System\ProjectDescriptor.cs:line 217Wrapped by JsonException: '0xFF' is an invalid start of a value. LineNumber: 0 | BytePositionInLine: 0. (in D:\Users\l3d\Documents\AVBOIT\MaterialShaderExample_AVBOIT\Saved\UERP_RefBuild\Harness\CompushadyUnreal\Harness.uproject)
   at UnrealBuildTool.ProjectDescriptor.FromFile(FileReference FileName) in D:\UE\UnrealEngine_Animation_Tech\Engine\Source\Programs\UnrealBuildTool\System\ProjectDescriptor.cs:line 231
   at UnrealBuildTool.NativeProjects.RequiresTempTarget(FileReference RawProjectPath, Boolean bProjectHasCode, UnrealTargetPlatform Platform, UnrealTargetConfiguration Configuration, TargetType TargetType, String& OutReason, ILogger Logger) in D:\UE\UnrealEngine_Animation_Tech\Engine\Source\Programs\UnrealBuildTool\System\NativeProjects.cs:line 301
   at UnrealBuildTool.NativeProjects.RequiresTempTarget(FileReference UProjectFile, List`1 Configurations, String& Reason, ILogger Logger) in D:\UE\UnrealEngine_Animation_Tech\Engine\Source\Programs\UnrealBuildTool\System\NativeProjects.cs:line 257
   at UnrealBuildTool.NativeProjects.ConditionalMakeTempTargetForHybridProject(FileReference UProjectFile, ILogger Logger) in D:\UE\UnrealEngine_Animation_Tech\Engine\Source\Programs\UnrealBuildTool\System\NativeProjects.cs:line 108
   at UnrealBuildTool.TargetDescriptor.ParseSingleCommandLine(CommandLineArguments Arguments, Boolean bUsePrecompiled, Boolean bSkipRulesCompile, Boolean bForceRulesCompile, Boolean bCreateSimplifiedDescriptors, List`1 TargetDescriptors, ILogger Logger) in D:\UE\UnrealEngine_Animation_Tech\Engine\Source\Programs\UnrealBuildTool\Configuration\TargetDescriptor.cs:line 582
   at UnrealBuildTool.TargetDescriptor.ParseCommandLine(CommandLineArguments Arguments, Boolean bUsePrecompiled, Boolean bSkipRulesCompile, Boolean bForceRulesCompile, Boolean bCreateSimplifiedDescriptors, List`1 TargetDescriptors, ILogger Logger) in D:\UE\UnrealEngine_Animation_Tech\Engine\Source\Programs\UnrealBuildTool\Configuration\TargetDescriptor.cs:line 380
   at UnrealBuildTool.TargetDescriptor.ParseCommandLine(CommandLineArguments Arguments, BuildConfiguration BuildConfiguration, ILogger Logger) in D:\UE\UnrealEngine_Animation_Tech\Engine\Source\Programs\UnrealBuildTool\Configuration\TargetDescriptor.cs:line 284
   at UnrealBuildTool.BuildMode.ExecuteAsync(CommandLineArguments Arguments, ILogger Logger) in D:\UE\UnrealEngine_Animation_Tech\Engine\Source\Programs\UnrealBuildTool\Modes\BuildMode.cs:line 176
   at UnrealBuildTool.UnrealBuildTool.Main(String[] ArgumentsArray) in D:\UE\UnrealEngine_Animation_Tech\Engine\Source\Programs\UnrealBuildTool\UnrealBuildTool.cs:line 653

Result: Failed (OtherCompilationError)
Total execution time: 7.49 seconds
